Aligning contigs to reference...
	Aligning contigs to the reference
Filtering alignments...
Parsing coords...
Loading reference...
	Loaded [MN908947.3]
	Total Regions: 1
	Total Region Length: 29903
Analyzing contigs...
CONTIG: ERR5743893 (29902bp)
Best alignment score: 24523.5 (LEN: 24548, IDY: 99.90), Total number of alignments: 2
			Looking for the best set of alignments (out of 2 total alignments)
			The best set is below. Score: 29167.3, number of alignments: 2, unaligned bases: 701
		This contig is misassembled.
			Real Alignment 1: 343 4995 | 343 4995 | 4653 4653 | 99.91 | MN908947.3 ERR5743893
			  Scaffold gap between these two alignments, gap lengths difference (reference vs assembly) = 0 (local)
			Real Alignment 2: 5288 29836 | 5288 29835 | 24549 24548 | 99.9 | MN908947.3 ERR5743893

Analyzing coverage...
Writing SNPs into /scratch/users/ntu/suffiazi/mooc_workspace/work/44/9c221836c48c009f68b599d9ad5005/quast/contigs_reports/minimap_output/ERR5743893-consensus.used_snps

Analysis is finished!
Founded SNPs were written into /scratch/users/ntu/suffiazi/mooc_workspace/work/44/9c221836c48c009f68b599d9ad5005/quast/contigs_reports/minimap_output/ERR5743893-consensus.used_snps

Results:
	Local Misassemblies: 0
	Misassemblies: 0
		Relocations: 0
		Translocations: 0
		Inversions: 0
	Scaffold gap extensive misassemblies: 0
	Scaffold gap local misassemblies: 1
	Misassembled Contigs: 0
	Misassembled Contig Bases: 0
	Misassemblies Inter-Contig Overlap ("Extra" Aligned Bases): 0
Unaligned Contigs: 0 + 0 part
Half Unaligned Contigs with Misassemblies: 0
Unaligned Bases in Fully and Partially Unaligned Contigs: 0

Ambiguously Mapped Contigs: 0
Total Bases in Ambiguously Mapped Contigs: 0
"Extra" Aligned Bases in Ambiguously Mapped Contigs: 0
Note that --allow-ambiguity option was set to "one" and only first alignment per each of these contigs was used (there is no "extra" aligned bases).

	Covered Bases in Reference: 29202
	Raw Aligned Bases in Assembly: 29201
	Total Aligned Bases in Assembly (with "Extras"): 29201

	SNPs: 27
	Insertions: 0
	Deletions: 1

