Aligning contigs to reference...
	Aligning contigs to the reference
Filtering alignments...
Parsing coords...
Loading reference...
	Loaded [MN908947.3]
	Total Regions: 1
	Total Region Length: 29903
Analyzing contigs...
CONTIG: ERR5556343 (29894bp)
Best alignment score: 21218.3 (LEN: 21248, IDY: 99.86), Total number of alignments: 3
			Looking for the best set of alignments (out of 3 total alignments)
			The best set is below. Score: 29179.4, number of alignments: 3, unaligned bases: 661
		This contig is misassembled.
			Real Alignment 1: 55 3507 | 55 3507 | 3453 3453 | 99.86 | MN908947.3 ERR5556343
			  Scaffold gap between these two alignments, gap lengths difference (reference vs assembly) = 0 (local)
			Real Alignment 2: 3796 25052 | 3796 25043 | 21257 21248 | 99.86 | MN908947.3 ERR5556343
			  Scaffold gap between these two alignments, gap lengths difference (reference vs assembly) = 0 (local)
			Real Alignment 3: 25302 29833 | 25293 29824 | 4532 4532 | 99.8 | MN908947.3 ERR5556343

Analyzing coverage...
Writing SNPs into /scratch/users/ntu/suffiazi/mooc_workspace/work/44/9c221836c48c009f68b599d9ad5005/quast/contigs_reports/minimap_output/ERR5556343-consensus.used_snps

Analysis is finished!
Founded SNPs were written into /scratch/users/ntu/suffiazi/mooc_workspace/work/44/9c221836c48c009f68b599d9ad5005/quast/contigs_reports/minimap_output/ERR5556343-consensus.used_snps

Results:
	Local Misassemblies: 0
	Misassemblies: 0
		Relocations: 0
		Translocations: 0
		Inversions: 0
	Scaffold gap extensive misassemblies: 0
	Scaffold gap local misassemblies: 2
	Misassembled Contigs: 0
	Misassembled Contig Bases: 0
	Misassemblies Inter-Contig Overlap ("Extra" Aligned Bases): 0
Unaligned Contigs: 0 + 0 part
Half Unaligned Contigs with Misassemblies: 0
Unaligned Bases in Fully and Partially Unaligned Contigs: 0

Ambiguously Mapped Contigs: 0
Total Bases in Ambiguously Mapped Contigs: 0
"Extra" Aligned Bases in Ambiguously Mapped Contigs: 0
Note that --allow-ambiguity option was set to "one" and only first alignment per each of these contigs was used (there is no "extra" aligned bases).

	Covered Bases in Reference: 29242
	Raw Aligned Bases in Assembly: 29233
	Total Aligned Bases in Assembly (with "Extras"): 29233

	SNPs: 34
	Insertions: 0
	Deletions: 9

