Aligning contigs to reference...
	Aligning contigs to the reference
Filtering alignments...
Parsing coords...
Loading reference...
	Loaded [MN908947.3]
	Total Regions: 1
	Total Region Length: 29903
Analyzing contigs...
CONTIG: ERR5181310 (29830bp)
Best alignment score: 28057.4 (LEN: 28108, IDY: 99.82), Total number of alignments: 2
			Looking for the best set of alignments (out of 2 total alignments)
			The best set is below. Score: 29309.4, number of alignments: 2, unaligned bases: 464
		This contig is misassembled.
			Real Alignment 1: 55 1312 | 55 1312 | 1258 1258 | 99.92 | MN908947.3 ERR5181310
			  Scaffold gap between these two alignments, gap lengths difference (reference vs assembly) = -53 (local)
			Real Alignment 2: 1596 29727 | 1596 29703 | 28132 28108 | 99.82 | MN908947.3 ERR5181310

Analyzing coverage...
Writing SNPs into /scratch/users/ntu/suffiazi/mooc_workspace/work/44/9c221836c48c009f68b599d9ad5005/quast/contigs_reports/minimap_output/ERR5181310-consensus.used_snps

Analysis is finished!
Founded SNPs were written into /scratch/users/ntu/suffiazi/mooc_workspace/work/44/9c221836c48c009f68b599d9ad5005/quast/contigs_reports/minimap_output/ERR5181310-consensus.used_snps

Results:
	Local Misassemblies: 0
	Misassemblies: 0
		Relocations: 0
		Translocations: 0
		Inversions: 0
	Scaffold gap extensive misassemblies: 0
	Scaffold gap local misassemblies: 1
	Misassembled Contigs: 0
	Misassembled Contig Bases: 0
	Misassemblies Inter-Contig Overlap ("Extra" Aligned Bases): 0
Unaligned Contigs: 0 + 0 part
Half Unaligned Contigs with Misassemblies: 0
Unaligned Bases in Fully and Partially Unaligned Contigs: 0

Ambiguously Mapped Contigs: 0
Total Bases in Ambiguously Mapped Contigs: 0
"Extra" Aligned Bases in Ambiguously Mapped Contigs: 0
Note that --allow-ambiguity option was set to "one" and only first alignment per each of these contigs was used (there is no "extra" aligned bases).

	Covered Bases in Reference: 29390
	Raw Aligned Bases in Assembly: 29366
	Total Aligned Bases in Assembly (with "Extras"): 29366

	SNPs: 28
	Insertions: 0
	Deletions: 24

