[2023-10-18 18:07:08,559] multiqc                                            [DEBUG  ]  This is MultiQC v1.14
[2023-10-18 18:07:08,578] multiqc                                            [DEBUG  ]  Loading config settings from: multiqc_config.yaml
[2023-10-18 18:07:08,578] multiqc                                            [DEBUG  ]  New config: {'report_comment': 'This report has been generated by the <a href="https://github.com/nf-core/viralrecon" target="_blank">nf-core/viralrecon</a> analysis pipeline. For information about how to interpret these results, please see the <a href="https://github.com/nf-core/viralrecon" target="_blank">documentation</a>.\n', 'data_format': 'yaml', 'max_table_rows': 10000, 'run_modules': ['custom_content', 'fastqc', 'fastp', 'kraken', 'bowtie2', 'samtools', 'mosdepth', 'bcftools', 'snpeff', 'quast', 'pangolin', 'cutadapt'], 'module_order': [{'fastqc': {'name': 'PREPROCESS: FastQC (raw reads)', 'info': 'This section of the report shows FastQC results for the raw reads before adapter trimming.', 'path_filters': ['./fastqc/*.zip']}}, {'fastp': {'name': 'PREPROCESS: fastp (adapter trimming)', 'info': 'This section of the report shows fastp results for reads after adapter and quality trimming.'}}, {'kraken': {'name': 'PREPROCESS: Kraken 2', 'info': 'This section of the report shows Kraken 2 classification results for reads after adapter trimming with fastp.'}}, {'bowtie2': {'name': 'VARIANTS: Bowtie 2', 'info': 'This section of the report shows Bowtie 2 mapping results for reads after adapter trimming and quality trimming.'}}, {'samtools': {'name': 'VARIANTS: SAMTools (raw)', 'anchor': 'samtools_bowtie2', 'info': 'This section of the report shows SAMTools counts/statistics after mapping with Bowtie 2.', 'path_filters': ['./bowtie2/*']}}, {'samtools': {'name': 'VARIANTS: SAMTools (iVar)', 'anchor': 'samtools_ivar', 'info': 'This section of the report shows SAMTools counts/statistics after primer sequence removal with iVar.', 'path_filters': ['./ivar_trim/*']}}, {'samtools': {'name': 'VARIANTS: SAMTools (MarkDuplicates)', 'anchor': 'samtools_markduplicates', 'info': 'This section of the report shows SAMTools counts/statistics after duplicate removal with picard MarkDuplicates.', 'path_filters': ['./picard_markduplicates/*']}}, {'mosdepth': {'name': 'VARIANTS: mosdepth', 'info': 'This section of the report shows genome-wide coverage metrics generated by mosdepth.'}}, {'pangolin': {'name': 'VARIANTS: Pangolin', 'info': 'This section of the report shows Pangolin lineage analysis results for the called variants.', 'path_filters': ['./variants/*.pangolin.csv']}}, {'bcftools': {'name': 'VARIANTS: BCFTools', 'info': 'This section of the report shows BCFTools stats results for the called variants.', 'path_filters': ['./variants/*.txt']}}, {'snpeff': {'name': 'VARIANTS: SnpEff', 'info': 'This section of the report shows SnpEff results for the called variants.', 'path_filters': ['./variants/*.csv']}}, {'quast': {'name': 'VARIANTS: QUAST', 'anchor': 'quast_variants', 'info': 'This section of the report shows QUAST QC results for the consensus sequence.', 'path_filters': ['./variants/*.tsv']}}, {'cutadapt': {'name': 'ASSEMBLY: Cutadapt (primer trimming)', 'info': 'This section of the report shows Cutadapt results for reads after primer sequence trimming.'}}, {'quast': {'name': 'ASSEMBLY: QUAST (SPAdes)', 'anchor': 'quast_spades', 'info': 'This section of the report shows QUAST results from SPAdes de novo assembly.', 'path_filters': ['./assembly_spades/*.tsv']}}, {'quast': {'name': 'ASSEMBLY: QUAST (Unicycler)', 'anchor': 'quast_unicycler', 'info': 'This section of the report shows QUAST results from Unicycler de novo assembly.', 'path_filters': ['./assembly_unicycler/*.tsv']}}, {'quast': {'name': 'ASSEMBLY: QUAST (minia)', 'anchor': 'quast_minia', 'info': 'This section of the report shows QUAST results from minia de novo assembly.', 'path_filters': ['./assembly_minia/*.tsv']}}], 'report_section_order': {'fail_mapped_reads': {'after': 'summary_variants_metrics'}, 'fail_mapped_samples': {'after': 'summary_variants_metrics'}, 'summary_assembly_metrics': {'before': 'summary_variants_metrics'}, 'amplicon_heatmap': {'before': 'summary_assembly_metrics'}, 'ivar_variants': {'before': 'mosdepth'}, 'software_versions': {'order': -1001}, 'nf-core-viralrecon-summary': {'order': -1002}}, 'bcftools': {'collapse_complementary_changes': True}, 'custom_data': {'amplicon_heatmap': {'section_name': 'Amplicon coverage heatmap', 'description': 'Heatmap to show median log10(coverage+1) per amplicon across samples.', 'plot_type': 'heatmap', 'pconfig': {'id': 'amplicon_heatmap', 'xTitle': 'Amplicon', 'namespace': 'Heatmap to show median log10(coverage+1) per amplicon across samples', 'square': False, 'colstops': [[0, '#440154'], [0.05, '#471365'], [0.1, '#482475'], [0.15, '#463480'], [0.2, '#414487'], [0.25, '#3b528b'], [0.3, '#355f8d'], [0.35, '#2f6c8e'], [0.4, '#2a788e'], [0.45, '#25848e'], [0.5, '#21918c'], [0.55, '#1e9c89'], [0.6, '#22a884'], [0.65, '#2fb47c'], [0.7, '#44bf70'], [0.75, '#5ec962'], [0.8, '#7ad151'], [0.85, '#9bd93c'], [0.9, '#bddf26'], [0.95, '#dfe318'], [1, '#fde725']]}}, 'summary_variants_metrics': {'section_name': 'Variant calling metrics', 'description': 'generated by the nf-core/viralrecon pipeline', 'plot_type': 'table', 'headers': {'# Input reads': {'description': 'Total number of reads in raw fastq file', 'format': '{:,.0f}'}, '% Non-host reads (Kraken 2)': {'description': 'Total number of non-host reads identified by Kraken2', 'format': '{:,.2f}'}, '# Trimmed reads (fastp)': {'description': 'Total number of reads remaining after adapter/quality trimming with fastp', 'format': '{:,.0f}'}, '# Mapped reads': {'description': 'Total number of Bowtie2 mapped reads relative to the viral genome', 'format': '{:,.0f}'}, '% Mapped reads': {'description': 'Percentage of Bowtie2 mapped reads relative to the viral genome', 'format': '{:,.2f}'}, '# Trimmed reads (iVar)': {'description': 'Total number of reads remaining after primer trimming with iVar', 'format': '{:,.0f}'}, 'Coverage median': {'description': 'Median coverage calculated by mosdepth', 'format': '{:,.2f}'}, '% Coverage > 1x': {'description': 'Coverage > 1x calculated by mosdepth', 'format': '{:,.2f}'}, '% Coverage > 10x': {'description': 'Coverage > 10x calculated by mosdepth', 'format': '{:,.2f}'}, '# SNPs': {'description': 'Total number of SNPs', 'format': '{:,.0f}'}, '# INDELs': {'description': 'Total number of INDELs', 'format': '{:,.0f}'}, '# Missense variants': {'description': 'Total number of variants identified as missense mutations with SnpEff', 'format': '{:,.0f}'}, '# Ns per 100kb consensus': {'description': 'Number of N bases per 100kb in consensus sequence', 'format': '{:,.2f}'}, 'Pangolin lineage': {'description': 'Pangolin lineage inferred from the consensus sequence'}, 'Nextclade clade': {'description': 'Nextclade clade inferred from the consensus sequence'}}, 'pconfig': {'id': 'summary_variants_metrics_plot', 'table_title': 'Variant calling metrics', 'namespace': 'Variant calling metrics', 'only_defined_headers': False, 'format': '{:.0f}'}}, 'summary_assembly_metrics': {'section_name': 'De novo assembly metrics', 'description': 'generated by the nf-core/viralrecon pipeline', 'plot_type': 'table', 'headers': {'# Input reads': {'description': 'Total number of reads in raw fastq file', 'format': '{:,.0f}'}, '# Trimmed reads (Cutadapt)': {'description': 'Total number of reads remaining after adapter/quality trimming with fastp', 'format': '{:,.0f}'}, '% Non-host reads (Kraken 2)': {'description': 'Total number of non-host reads identified by Kraken2', 'format': '{:,.2f}'}, '# Contigs (SPAdes)': {'description': 'Total number of contigs in SPAdes assembly as calculated by QUAST', 'format': '{:,.0f}'}, 'Largest contig (SPAdes)': {'description': 'Size of largest contig in SPAdes assembly as calculated by QUAST', 'format': '{:,.0f}'}, '% Genome fraction (SPAdes)': {'description': '% genome fraction for SPAdes assembly as calculated by QUAST', 'format': '{:,.2f}'}, 'N50 (SPAdes)': {'description': 'N50 metric for SPAdes assembly as calculated by QUAST', 'format': '{:,.2f}'}, '# Contigs (Unicycler)': {'description': 'Total number of contigs in Unicycler assembly as calculated by QUAST', 'format': '{:,.0f}'}, 'Largest contig (Unicycler)': {'description': 'Size of largest contig in Unicycler assembly as calculated by QUAST', 'format': '{:,.0f}'}, '% Genome fraction (Unicycler)': {'description': '% genome fraction for Unicycler assembly as calculated by QUAST', 'format': '{:,.2f}'}, 'N50 (Unicycler)': {'description': 'N50 metric for Unicycler assembly as calculated by QUAST', 'format': '{:,.2f}'}, '# Contigs (minia)': {'description': 'Total number of contigs in minia assembly as calculated by QUAST', 'format': '{:,.0f}'}, 'Largest contig (minia)': {'description': 'Size of largest contig in minia assembly as calculated by QUAST', 'format': '{:,.0f}'}, '% Genome fraction (minia)': {'description': '% genome fraction for minia assembly as calculated by QUAST', 'format': '{:,.2f}'}, 'N50 (minia)': {'description': 'N50 metric for minia assembly as calculated by QUAST', 'format': '{:,.2f}'}}, 'pconfig': {'id': 'summary_assembly_metrics_plot', 'table_title': 'De novo assembly metrics', 'namespace': 'De novo assembly metrics', 'only_defined_headers': False, 'format': '{:.0f}'}}, 'fail_mapped_reads': {'section_name': 'WARNING: Fail Reads Check', 'description': 'List of samples that had no reads after adapter trimming, and hence were ignored for the downstream processing steps.', 'plot_type': 'table', 'pconfig': {'id': 'fail_mapped_reads_table', 'table_title': 'Samples failed read threshold', 'namespace': 'Samples failed read threshold', 'format': '{:,.0f}'}}, 'fail_mapped_samples': {'section_name': 'WARNING: Fail Alignment Check', 'description': "List of samples that failed the Bowtie2 minimum mapped reads threshold specified via the '--min_mapped_reads' parameter, and hence were ignored for the downstream processing steps.", 'plot_type': 'table', 'pconfig': {'id': 'fail_mapped_samples_table', 'table_title': 'Samples failed mapped read threshold', 'namespace': 'Samples failed mapping read threshold', 'format': '{:,.0f}'}}}}
[2023-10-18 18:07:08,578] multiqc                                            [DEBUG  ]  Added to filename patterns: [{'fastp': {'fn': '*.fastp.json'}, 'bowtie2': {'fn': '*.bowtie2.log'}, 'mosdepth/global_dist': {'fn': '*.global.dist.txt'}, 'cutadapt': {'fn': '*.cutadapt.log'}}]
[2023-10-18 18:07:08,578] multiqc                                            [DEBUG  ]  Added to filename clean extensions: [['.markduplicates', '.unclassified', '_MN908947.3', ' MN908947.3']]
[2023-10-18 18:07:08,578] multiqc                                            [DEBUG  ]  Added to filename clean trimmings: [['Consensus_']]
[2023-10-18 18:07:08,578] multiqc                                            [DEBUG  ]  Command used: /usr/local/bin/multiqc -f -k yaml -e general_stats --ignore nextclade_clade_mqc.tsv .
[2023-10-18 18:07:08,924] multiqc                                            [WARNING]  MultiQC Version v1.16 now available!
[2023-10-18 18:07:08,924] multiqc                                            [DEBUG  ]  Working dir : /scratch/users/ntu/suffiazi/mooc_workspace/work/46/396daea923463431f41e0999c6c23a
[2023-10-18 18:07:08,924] multiqc                                            [DEBUG  ]  Template    : default
[2023-10-18 18:07:08,924] multiqc                                            [DEBUG  ]  Running Python 3.11.0 | packaged by conda-forge | (main, Oct 25 2022, 06:24:40) [GCC 10.4.0]
[2023-10-18 18:07:08,924] multiqc                                            [DEBUG  ]  Ignoring files, directories and paths that match: nextclade_clade_mqc.tsv
[2023-10-18 18:07:08,925] multiqc                                            [INFO   ]  Only using modules: custom_content, fastqc, fastp, kraken, bowtie2, samtools, mosdepth, bcftools, snpeff, quast, pangolin, cutadapt
[2023-10-18 18:07:08,925] multiqc                                            [INFO   ]  Excluding modules 'general_stats'
[2023-10-18 18:07:08,925] multiqc                                            [DEBUG  ]  Analysing modules: custom_content, fastqc, fastp, kraken, bowtie2, samtools, samtools, samtools, mosdepth, pangolin, bcftools, snpeff, quast, cutadapt, quast, quast, quast
[2023-10-18 18:07:08,925] multiqc                                            [DEBUG  ]  Using temporary directory for creating report: /var/tmp/pbs.3392661.pbs101/tmpysilhqh9
[2023-10-18 18:07:09,046] multiqc                                            [INFO   ]  Search path : /scratch/users/ntu/suffiazi/mooc_workspace/work/46/396daea923463431f41e0999c6c23a
[2023-10-18 18:07:09,047] multiqc                                            [DEBUG  ]  Ignored 284 search patterns as didn't match running modules.
[2023-10-18 18:07:09,127] multiqc                                            [DEBUG  ]  Summary of files that were skipped by the search: [skipped_no_match: 9] // [skipped_directory_fn_ignore_dirs: 1]
[2023-10-18 18:07:09,454] multiqc.plots.bargraph                             [DEBUG  ]  Using matplotlib version 3.6.2
[2023-10-18 18:07:09,454] multiqc.plots.linegraph                            [DEBUG  ]  Using matplotlib version 3.6.2
[2023-10-18 18:07:09,502] multiqc.modules.custom_content.custom_content      [INFO   ]  amplicon_heatmap: Found 5 samples (heatmap)
[2023-10-18 18:07:09,502] multiqc.modules.custom_content.custom_content      [INFO   ]  nf-core-viralrecon-summary: Found 1 sample (html)
[2023-10-18 18:07:09,514] multiqc.modules.custom_content.custom_content      [INFO   ]  summary_variants_metrics: Found 5 samples (table)
[2023-10-18 18:07:09,514] multiqc.modules.custom_content.custom_content      [INFO   ]  software_versions: Found 1 sample (html)
[2023-10-18 18:07:09,517] multiqc.modules.custom_content.custom_content      [INFO   ]  ivar_variants: Found 5 samples (bargraph)
[2023-10-18 18:07:09,519] multiqc.modules.base_module                        [DEBUG  ]  fastqc/zip - Selecting './fastqc/ERR5556343_1_fastqc.zip' as it matched the path_filters for 'PREPROCESS: FastQC (raw reads)'
[2023-10-18 18:07:09,521] multiqc.modules.base_module                        [DEBUG  ]  fastqc/zip - Selecting './fastqc/ERR5405022_2_fastqc.zip' as it matched the path_filters for 'PREPROCESS: FastQC (raw reads)'
[2023-10-18 18:07:09,523] multiqc.modules.base_module                        [DEBUG  ]  fastqc/zip - Selecting './fastqc/ERR5743893_2_fastqc.zip' as it matched the path_filters for 'PREPROCESS: FastQC (raw reads)'
[2023-10-18 18:07:09,525] multiqc.modules.base_module                        [DEBUG  ]  fastqc/zip - Selecting './fastqc/ERR5743893_1_fastqc.zip' as it matched the path_filters for 'PREPROCESS: FastQC (raw reads)'
[2023-10-18 18:07:09,528] multiqc.modules.base_module                        [DEBUG  ]  fastqc/zip - Selecting './fastqc/ERR5181310_1_fastqc.zip' as it matched the path_filters for 'PREPROCESS: FastQC (raw reads)'
[2023-10-18 18:07:09,530] multiqc.modules.base_module                        [DEBUG  ]  fastqc/zip - Selecting './fastqc/ERR5556343_2_fastqc.zip' as it matched the path_filters for 'PREPROCESS: FastQC (raw reads)'
[2023-10-18 18:07:09,532] multiqc.modules.base_module                        [DEBUG  ]  fastqc/zip - Selecting './fastqc/ERR5405022_1_fastqc.zip' as it matched the path_filters for 'PREPROCESS: FastQC (raw reads)'
[2023-10-18 18:07:09,533] multiqc.modules.base_module                        [DEBUG  ]  fastqc/zip - Selecting './fastqc/SRR13500958_1_fastqc.zip' as it matched the path_filters for 'PREPROCESS: FastQC (raw reads)'
[2023-10-18 18:07:09,536] multiqc.modules.base_module                        [DEBUG  ]  fastqc/zip - Selecting './fastqc/ERR5181310_2_fastqc.zip' as it matched the path_filters for 'PREPROCESS: FastQC (raw reads)'
[2023-10-18 18:07:09,538] multiqc.modules.base_module                        [DEBUG  ]  fastqc/zip - Selecting './fastqc/SRR13500958_2_fastqc.zip' as it matched the path_filters for 'PREPROCESS: FastQC (raw reads)'
[2023-10-18 18:07:09,540] multiqc.modules.fastqc.fastqc                      [INFO   ]  Found 10 reports
[2023-10-18 18:07:09,637] multiqc.modules.fastp.fastp                        [DEBUG  ]  No duplication rate plot data: ERR5743893.fastp.json
[2023-10-18 18:07:09,640] multiqc.modules.fastp.fastp                        [DEBUG  ]  No duplication rate plot data: SRR13500958.fastp.json
[2023-10-18 18:07:09,643] multiqc.modules.fastp.fastp                        [DEBUG  ]  No duplication rate plot data: ERR5556343.fastp.json
[2023-10-18 18:07:09,646] multiqc.modules.fastp.fastp                        [DEBUG  ]  No duplication rate plot data: ERR5181310.fastp.json
[2023-10-18 18:07:09,648] multiqc.modules.fastp.fastp                        [DEBUG  ]  No duplication rate plot data: ERR5405022.fastp.json
[2023-10-18 18:07:09,649] multiqc.modules.fastp.fastp                        [INFO   ]  Found 5 reports
[2023-10-18 18:07:10,855] multiqc.modules.bowtie2.bowtie2                    [INFO   ]  Found 5 reports
[2023-10-18 18:07:10,862] multiqc.modules.base_module                        [DEBUG  ]  samtools/flagstat - Selecting './bowtie2/ERR5743893.sorted.bam.flagstat' as it matched the path_filters for 'VARIANTS: SAMTools (raw)'
[2023-10-18 18:07:10,867] multiqc.modules.base_module                        [DEBUG  ]  samtools/flagstat - Selecting './bowtie2/ERR5181310.sorted.bam.flagstat' as it matched the path_filters for 'VARIANTS: SAMTools (raw)'
[2023-10-18 18:07:10,868] multiqc.modules.base_module                        [DEBUG  ]  samtools/flagstat - Selecting './bowtie2/ERR5556343.sorted.bam.flagstat' as it matched the path_filters for 'VARIANTS: SAMTools (raw)'
[2023-10-18 18:07:10,869] multiqc.modules.base_module                        [DEBUG  ]  samtools/flagstat - Selecting './bowtie2/ERR5405022.sorted.bam.flagstat' as it matched the path_filters for 'VARIANTS: SAMTools (raw)'
[2023-10-18 18:07:10,869] multiqc.modules.base_module                        [DEBUG  ]  samtools/flagstat - Selecting './bowtie2/SRR13500958.sorted.bam.flagstat' as it matched the path_filters for 'VARIANTS: SAMTools (raw)'
[2023-10-18 18:07:10,870] multiqc.modules.base_module                        [DEBUG  ]  samtools/flagstat - Skipping './ivar_trim/ERR5743893.ivar_trim.sorted.bam.flagstat' as it didn't match the path_filters for 'VARIANTS: SAMTools (raw)'
[2023-10-18 18:07:10,870] multiqc.modules.base_module                        [DEBUG  ]  samtools/flagstat - Skipping './ivar_trim/ERR5181310.ivar_trim.sorted.bam.flagstat' as it didn't match the path_filters for 'VARIANTS: SAMTools (raw)'
[2023-10-18 18:07:10,870] multiqc.modules.base_module                        [DEBUG  ]  samtools/flagstat - Skipping './ivar_trim/ERR5405022.ivar_trim.sorted.bam.flagstat' as it didn't match the path_filters for 'VARIANTS: SAMTools (raw)'
[2023-10-18 18:07:10,870] multiqc.modules.base_module                        [DEBUG  ]  samtools/flagstat - Skipping './ivar_trim/ERR5556343.ivar_trim.sorted.bam.flagstat' as it didn't match the path_filters for 'VARIANTS: SAMTools (raw)'
[2023-10-18 18:07:10,870] multiqc.modules.base_module                        [DEBUG  ]  samtools/flagstat - Skipping './ivar_trim/SRR13500958.ivar_trim.sorted.bam.flagstat' as it didn't match the path_filters for 'VARIANTS: SAMTools (raw)'
[2023-10-18 18:07:10,877] multiqc.modules.samtools.samtools                  [INFO   ]  Found 5 flagstat reports
[2023-10-18 18:07:10,879] multiqc.modules.base_module                        [DEBUG  ]  samtools/flagstat - Skipping './bowtie2/ERR5743893.sorted.bam.flagstat' as it didn't match the path_filters for 'VARIANTS: SAMTools (iVar)'
[2023-10-18 18:07:10,879] multiqc.modules.base_module                        [DEBUG  ]  samtools/flagstat - Skipping './bowtie2/ERR5181310.sorted.bam.flagstat' as it didn't match the path_filters for 'VARIANTS: SAMTools (iVar)'
[2023-10-18 18:07:10,879] multiqc.modules.base_module                        [DEBUG  ]  samtools/flagstat - Skipping './bowtie2/ERR5556343.sorted.bam.flagstat' as it didn't match the path_filters for 'VARIANTS: SAMTools (iVar)'
[2023-10-18 18:07:10,879] multiqc.modules.base_module                        [DEBUG  ]  samtools/flagstat - Skipping './bowtie2/ERR5405022.sorted.bam.flagstat' as it didn't match the path_filters for 'VARIANTS: SAMTools (iVar)'
[2023-10-18 18:07:10,879] multiqc.modules.base_module                        [DEBUG  ]  samtools/flagstat - Skipping './bowtie2/SRR13500958.sorted.bam.flagstat' as it didn't match the path_filters for 'VARIANTS: SAMTools (iVar)'
[2023-10-18 18:07:10,879] multiqc.modules.base_module                        [DEBUG  ]  samtools/flagstat - Selecting './ivar_trim/ERR5743893.ivar_trim.sorted.bam.flagstat' as it matched the path_filters for 'VARIANTS: SAMTools (iVar)'
[2023-10-18 18:07:10,880] multiqc.modules.base_module                        [DEBUG  ]  samtools/flagstat - Selecting './ivar_trim/ERR5181310.ivar_trim.sorted.bam.flagstat' as it matched the path_filters for 'VARIANTS: SAMTools (iVar)'
[2023-10-18 18:07:10,880] multiqc.modules.base_module                        [DEBUG  ]  samtools/flagstat - Selecting './ivar_trim/ERR5405022.ivar_trim.sorted.bam.flagstat' as it matched the path_filters for 'VARIANTS: SAMTools (iVar)'
[2023-10-18 18:07:10,881] multiqc.modules.base_module                        [DEBUG  ]  samtools/flagstat - Selecting './ivar_trim/ERR5556343.ivar_trim.sorted.bam.flagstat' as it matched the path_filters for 'VARIANTS: SAMTools (iVar)'
[2023-10-18 18:07:10,881] multiqc.modules.base_module                        [DEBUG  ]  samtools/flagstat - Selecting './ivar_trim/SRR13500958.ivar_trim.sorted.bam.flagstat' as it matched the path_filters for 'VARIANTS: SAMTools (iVar)'
[2023-10-18 18:07:10,889] multiqc.modules.samtools.samtools                  [INFO   ]  Found 5 flagstat reports
[2023-10-18 18:07:10,891] multiqc.modules.base_module                        [DEBUG  ]  samtools/flagstat - Skipping './bowtie2/ERR5743893.sorted.bam.flagstat' as it didn't match the path_filters for 'VARIANTS: SAMTools (MarkDuplicates)'
[2023-10-18 18:07:10,891] multiqc.modules.base_module                        [DEBUG  ]  samtools/flagstat - Skipping './bowtie2/ERR5181310.sorted.bam.flagstat' as it didn't match the path_filters for 'VARIANTS: SAMTools (MarkDuplicates)'
[2023-10-18 18:07:10,891] multiqc.modules.base_module                        [DEBUG  ]  samtools/flagstat - Skipping './bowtie2/ERR5556343.sorted.bam.flagstat' as it didn't match the path_filters for 'VARIANTS: SAMTools (MarkDuplicates)'
[2023-10-18 18:07:10,891] multiqc.modules.base_module                        [DEBUG  ]  samtools/flagstat - Skipping './bowtie2/ERR5405022.sorted.bam.flagstat' as it didn't match the path_filters for 'VARIANTS: SAMTools (MarkDuplicates)'
[2023-10-18 18:07:10,891] multiqc.modules.base_module                        [DEBUG  ]  samtools/flagstat - Skipping './bowtie2/SRR13500958.sorted.bam.flagstat' as it didn't match the path_filters for 'VARIANTS: SAMTools (MarkDuplicates)'
[2023-10-18 18:07:10,891] multiqc.modules.base_module                        [DEBUG  ]  samtools/flagstat - Skipping './ivar_trim/ERR5743893.ivar_trim.sorted.bam.flagstat' as it didn't match the path_filters for 'VARIANTS: SAMTools (MarkDuplicates)'
[2023-10-18 18:07:10,891] multiqc.modules.base_module                        [DEBUG  ]  samtools/flagstat - Skipping './ivar_trim/ERR5181310.ivar_trim.sorted.bam.flagstat' as it didn't match the path_filters for 'VARIANTS: SAMTools (MarkDuplicates)'
[2023-10-18 18:07:10,891] multiqc.modules.base_module                        [DEBUG  ]  samtools/flagstat - Skipping './ivar_trim/ERR5405022.ivar_trim.sorted.bam.flagstat' as it didn't match the path_filters for 'VARIANTS: SAMTools (MarkDuplicates)'
[2023-10-18 18:07:10,891] multiqc.modules.base_module                        [DEBUG  ]  samtools/flagstat - Skipping './ivar_trim/ERR5556343.ivar_trim.sorted.bam.flagstat' as it didn't match the path_filters for 'VARIANTS: SAMTools (MarkDuplicates)'
[2023-10-18 18:07:10,891] multiqc.modules.base_module                        [DEBUG  ]  samtools/flagstat - Skipping './ivar_trim/SRR13500958.ivar_trim.sorted.bam.flagstat' as it didn't match the path_filters for 'VARIANTS: SAMTools (MarkDuplicates)'
[2023-10-18 18:07:10,891] multiqc                                            [DEBUG  ]  No samples found: samtools
[2023-10-18 18:07:10,894] multiqc.modules.mosdepth.mosdepth                  [DEBUG  ]  include_contigs: []
[2023-10-18 18:07:10,894] multiqc.modules.mosdepth.mosdepth                  [DEBUG  ]  exclude_contigs: []
[2023-10-18 18:07:10,919] multiqc.modules.mosdepth.mosdepth                  [INFO   ]  Found 5 reports
[2023-10-18 18:07:11,777] multiqc.modules.mosdepth.mosdepth                  [DEBUG  ]  Using default coverage thresholds: 1, 5, 10, 30, 50
[2023-10-18 18:07:11,781] multiqc.modules.base_module                        [DEBUG  ]  bcftools/stats - Selecting './variants/SRR13500958.bcftools_stats.txt' as it matched the path_filters for 'VARIANTS: BCFTools'
[2023-10-18 18:07:11,782] multiqc.modules.base_module                        [DEBUG  ]  bcftools/stats - Selecting './variants/ERR5181310.bcftools_stats.txt' as it matched the path_filters for 'VARIANTS: BCFTools'
[2023-10-18 18:07:11,783] multiqc.modules.base_module                        [DEBUG  ]  bcftools/stats - Selecting './variants/ERR5405022.bcftools_stats.txt' as it matched the path_filters for 'VARIANTS: BCFTools'
[2023-10-18 18:07:11,783] multiqc.modules.base_module                        [DEBUG  ]  bcftools/stats - Selecting './variants/ERR5556343.bcftools_stats.txt' as it matched the path_filters for 'VARIANTS: BCFTools'
[2023-10-18 18:07:11,784] multiqc.modules.base_module                        [DEBUG  ]  bcftools/stats - Selecting './variants/ERR5743893.bcftools_stats.txt' as it matched the path_filters for 'VARIANTS: BCFTools'
[2023-10-18 18:07:11,789] multiqc.modules.bcftools.bcftools                  [INFO   ]  Found 5 stats reports
[2023-10-18 18:07:11,791] multiqc.modules.base_module                        [DEBUG  ]  snpeff - Selecting './variants/ERR5181310.snpeff.csv' as it matched the path_filters for 'VARIANTS: SnpEff'
[2023-10-18 18:07:11,792] multiqc.modules.base_module                        [DEBUG  ]  snpeff - Selecting './variants/ERR5743893.snpeff.csv' as it matched the path_filters for 'VARIANTS: SnpEff'
[2023-10-18 18:07:11,793] multiqc.modules.base_module                        [DEBUG  ]  snpeff - Selecting './variants/ERR5556343.snpeff.csv' as it matched the path_filters for 'VARIANTS: SnpEff'
[2023-10-18 18:07:11,793] multiqc.modules.base_module                        [DEBUG  ]  snpeff - Selecting './variants/ERR5405022.snpeff.csv' as it matched the path_filters for 'VARIANTS: SnpEff'
[2023-10-18 18:07:11,794] multiqc.modules.base_module                        [DEBUG  ]  snpeff - Selecting './variants/SRR13500958.snpeff.csv' as it matched the path_filters for 'VARIANTS: SnpEff'
[2023-10-18 18:07:11,794] multiqc.modules.snpeff.snpeff                      [INFO   ]  Found 5 reports
[2023-10-18 18:07:11,805] multiqc                                            [DEBUG  ]  Reordering sections: anchor 'fail_mapped_reads' not found.
[2023-10-18 18:07:11,805] multiqc                                            [DEBUG  ]  Reordering sections: anchor 'fail_mapped_samples' not found.
[2023-10-18 18:07:11,805] multiqc                                            [DEBUG  ]  Reordering sections: anchor 'summary_assembly_metrics' not found.
[2023-10-18 18:07:11,805] multiqc                                            [DEBUG  ]  Reordering sections: anchor 'fail_mapped_reads' not found for module 'Amplicon coverage heatmap'.
[2023-10-18 18:07:11,806] multiqc                                            [DEBUG  ]  Reordering sections: anchor 'fail_mapped_samples' not found for module 'Amplicon coverage heatmap'.
[2023-10-18 18:07:11,806] multiqc                                            [DEBUG  ]  Reordering sections: anchor 'summary_assembly_metrics' not found for module 'Amplicon coverage heatmap'.
[2023-10-18 18:07:11,806] multiqc                                            [DEBUG  ]  Reordering sections: anchor 'amplicon_heatmap' not found for module 'Amplicon coverage heatmap'.
[2023-10-18 18:07:11,806] multiqc                                            [DEBUG  ]  Reordering sections: anchor 'ivar_variants' not found for module 'Amplicon coverage heatmap'.
[2023-10-18 18:07:11,806] multiqc                                            [DEBUG  ]  Reordering sections: anchor 'software_versions' not found for module 'Amplicon coverage heatmap'.
[2023-10-18 18:07:11,806] multiqc                                            [DEBUG  ]  Reordering sections: anchor 'nf-core-viralrecon-summary' not found for module 'Amplicon coverage heatmap'.
[2023-10-18 18:07:11,806] multiqc                                            [DEBUG  ]  Reordering sections: anchor 'fail_mapped_reads' not found for module 'Variant calling metrics'.
[2023-10-18 18:07:11,806] multiqc                                            [DEBUG  ]  Reordering sections: anchor 'fail_mapped_samples' not found for module 'Variant calling metrics'.
[2023-10-18 18:07:11,806] multiqc                                            [DEBUG  ]  Reordering sections: anchor 'summary_assembly_metrics' not found for module 'Variant calling metrics'.
[2023-10-18 18:07:11,806] multiqc                                            [DEBUG  ]  Reordering sections: anchor 'amplicon_heatmap' not found for module 'Variant calling metrics'.
[2023-10-18 18:07:11,806] multiqc                                            [DEBUG  ]  Reordering sections: anchor 'ivar_variants' not found for module 'Variant calling metrics'.
[2023-10-18 18:07:11,806] multiqc                                            [DEBUG  ]  Reordering sections: anchor 'software_versions' not found for module 'Variant calling metrics'.
[2023-10-18 18:07:11,806] multiqc                                            [DEBUG  ]  Reordering sections: anchor 'nf-core-viralrecon-summary' not found for module 'Variant calling metrics'.
[2023-10-18 18:07:11,806] multiqc                                            [DEBUG  ]  Reordering sections: anchor 'fail_mapped_reads' not found for module 'PREPROCESS: FastQC (raw reads)'.
[2023-10-18 18:07:11,806] multiqc                                            [DEBUG  ]  Reordering sections: anchor 'fail_mapped_samples' not found for module 'PREPROCESS: FastQC (raw reads)'.
[2023-10-18 18:07:11,806] multiqc                                            [DEBUG  ]  Reordering sections: anchor 'summary_assembly_metrics' not found for module 'PREPROCESS: FastQC (raw reads)'.
[2023-10-18 18:07:11,806] multiqc                                            [DEBUG  ]  Reordering sections: anchor 'amplicon_heatmap' not found for module 'PREPROCESS: FastQC (raw reads)'.
[2023-10-18 18:07:11,806] multiqc                                            [DEBUG  ]  Reordering sections: anchor 'ivar_variants' not found for module 'PREPROCESS: FastQC (raw reads)'.
[2023-10-18 18:07:11,806] multiqc                                            [DEBUG  ]  Reordering sections: anchor 'software_versions' not found for module 'PREPROCESS: FastQC (raw reads)'.
[2023-10-18 18:07:11,806] multiqc                                            [DEBUG  ]  Reordering sections: anchor 'nf-core-viralrecon-summary' not found for module 'PREPROCESS: FastQC (raw reads)'.
[2023-10-18 18:07:11,806] multiqc                                            [DEBUG  ]  Reordering sections: anchor 'fail_mapped_reads' not found for module 'PREPROCESS: fastp (adapter trimming)'.
[2023-10-18 18:07:11,806] multiqc                                            [DEBUG  ]  Reordering sections: anchor 'fail_mapped_samples' not found for module 'PREPROCESS: fastp (adapter trimming)'.
[2023-10-18 18:07:11,806] multiqc                                            [DEBUG  ]  Reordering sections: anchor 'summary_assembly_metrics' not found for module 'PREPROCESS: fastp (adapter trimming)'.
[2023-10-18 18:07:11,806] multiqc                                            [DEBUG  ]  Reordering sections: anchor 'amplicon_heatmap' not found for module 'PREPROCESS: fastp (adapter trimming)'.
[2023-10-18 18:07:11,806] multiqc                                            [DEBUG  ]  Reordering sections: anchor 'ivar_variants' not found for module 'PREPROCESS: fastp (adapter trimming)'.
[2023-10-18 18:07:11,806] multiqc                                            [DEBUG  ]  Reordering sections: anchor 'software_versions' not found for module 'PREPROCESS: fastp (adapter trimming)'.
[2023-10-18 18:07:11,806] multiqc                                            [DEBUG  ]  Reordering sections: anchor 'nf-core-viralrecon-summary' not found for module 'PREPROCESS: fastp (adapter trimming)'.
[2023-10-18 18:07:11,806] multiqc                                            [DEBUG  ]  Reordering sections: anchor 'fail_mapped_reads' not found for module 'VARIANTS: Bowtie 2'.
[2023-10-18 18:07:11,806] multiqc                                            [DEBUG  ]  Reordering sections: anchor 'fail_mapped_samples' not found for module 'VARIANTS: Bowtie 2'.
[2023-10-18 18:07:11,806] multiqc                                            [DEBUG  ]  Reordering sections: anchor 'summary_assembly_metrics' not found for module 'VARIANTS: Bowtie 2'.
[2023-10-18 18:07:11,806] multiqc                                            [DEBUG  ]  Reordering sections: anchor 'amplicon_heatmap' not found for module 'VARIANTS: Bowtie 2'.
[2023-10-18 18:07:11,806] multiqc                                            [DEBUG  ]  Reordering sections: anchor 'ivar_variants' not found for module 'VARIANTS: Bowtie 2'.
[2023-10-18 18:07:11,806] multiqc                                            [DEBUG  ]  Reordering sections: anchor 'software_versions' not found for module 'VARIANTS: Bowtie 2'.
[2023-10-18 18:07:11,806] multiqc                                            [DEBUG  ]  Reordering sections: anchor 'nf-core-viralrecon-summary' not found for module 'VARIANTS: Bowtie 2'.
[2023-10-18 18:07:11,806] multiqc                                            [DEBUG  ]  Reordering sections: anchor 'fail_mapped_reads' not found for module 'VARIANTS: SAMTools (raw)'.
[2023-10-18 18:07:11,806] multiqc                                            [DEBUG  ]  Reordering sections: anchor 'fail_mapped_samples' not found for module 'VARIANTS: SAMTools (raw)'.
[2023-10-18 18:07:11,806] multiqc                                            [DEBUG  ]  Reordering sections: anchor 'summary_assembly_metrics' not found for module 'VARIANTS: SAMTools (raw)'.
[2023-10-18 18:07:11,806] multiqc                                            [DEBUG  ]  Reordering sections: anchor 'amplicon_heatmap' not found for module 'VARIANTS: SAMTools (raw)'.
[2023-10-18 18:07:11,806] multiqc                                            [DEBUG  ]  Reordering sections: anchor 'ivar_variants' not found for module 'VARIANTS: SAMTools (raw)'.
[2023-10-18 18:07:11,807] multiqc                                            [DEBUG  ]  Reordering sections: anchor 'software_versions' not found for module 'VARIANTS: SAMTools (raw)'.
[2023-10-18 18:07:11,807] multiqc                                            [DEBUG  ]  Reordering sections: anchor 'nf-core-viralrecon-summary' not found for module 'VARIANTS: SAMTools (raw)'.
[2023-10-18 18:07:11,807] multiqc                                            [DEBUG  ]  Reordering sections: anchor 'fail_mapped_reads' not found for module 'VARIANTS: SAMTools (iVar)'.
[2023-10-18 18:07:11,807] multiqc                                            [DEBUG  ]  Reordering sections: anchor 'fail_mapped_samples' not found for module 'VARIANTS: SAMTools (iVar)'.
[2023-10-18 18:07:11,807] multiqc                                            [DEBUG  ]  Reordering sections: anchor 'summary_assembly_metrics' not found for module 'VARIANTS: SAMTools (iVar)'.
[2023-10-18 18:07:11,807] multiqc                                            [DEBUG  ]  Reordering sections: anchor 'amplicon_heatmap' not found for module 'VARIANTS: SAMTools (iVar)'.
[2023-10-18 18:07:11,807] multiqc                                            [DEBUG  ]  Reordering sections: anchor 'ivar_variants' not found for module 'VARIANTS: SAMTools (iVar)'.
[2023-10-18 18:07:11,807] multiqc                                            [DEBUG  ]  Reordering sections: anchor 'software_versions' not found for module 'VARIANTS: SAMTools (iVar)'.
[2023-10-18 18:07:11,807] multiqc                                            [DEBUG  ]  Reordering sections: anchor 'nf-core-viralrecon-summary' not found for module 'VARIANTS: SAMTools (iVar)'.
[2023-10-18 18:07:11,807] multiqc                                            [DEBUG  ]  Reordering sections: anchor 'fail_mapped_reads' not found for module 'VARIANTS: mosdepth'.
[2023-10-18 18:07:11,807] multiqc                                            [DEBUG  ]  Reordering sections: anchor 'fail_mapped_samples' not found for module 'VARIANTS: mosdepth'.
[2023-10-18 18:07:11,807] multiqc                                            [DEBUG  ]  Reordering sections: anchor 'summary_assembly_metrics' not found for module 'VARIANTS: mosdepth'.
[2023-10-18 18:07:11,807] multiqc                                            [DEBUG  ]  Reordering sections: anchor 'amplicon_heatmap' not found for module 'VARIANTS: mosdepth'.
[2023-10-18 18:07:11,807] multiqc                                            [DEBUG  ]  Reordering sections: anchor 'ivar_variants' not found for module 'VARIANTS: mosdepth'.
[2023-10-18 18:07:11,807] multiqc                                            [DEBUG  ]  Reordering sections: anchor 'software_versions' not found for module 'VARIANTS: mosdepth'.
[2023-10-18 18:07:11,807] multiqc                                            [DEBUG  ]  Reordering sections: anchor 'nf-core-viralrecon-summary' not found for module 'VARIANTS: mosdepth'.
[2023-10-18 18:07:11,807] multiqc                                            [DEBUG  ]  Reordering sections: anchor 'fail_mapped_reads' not found for module 'VARIANTS: Total variants (iVar)'.
[2023-10-18 18:07:11,807] multiqc                                            [DEBUG  ]  Reordering sections: anchor 'fail_mapped_samples' not found for module 'VARIANTS: Total variants (iVar)'.
[2023-10-18 18:07:11,807] multiqc                                            [DEBUG  ]  Reordering sections: anchor 'summary_assembly_metrics' not found for module 'VARIANTS: Total variants (iVar)'.
[2023-10-18 18:07:11,807] multiqc                                            [DEBUG  ]  Reordering sections: anchor 'amplicon_heatmap' not found for module 'VARIANTS: Total variants (iVar)'.
[2023-10-18 18:07:11,807] multiqc                                            [DEBUG  ]  Reordering sections: anchor 'ivar_variants' not found for module 'VARIANTS: Total variants (iVar)'.
[2023-10-18 18:07:11,807] multiqc                                            [DEBUG  ]  Reordering sections: anchor 'software_versions' not found for module 'VARIANTS: Total variants (iVar)'.
[2023-10-18 18:07:11,807] multiqc                                            [DEBUG  ]  Reordering sections: anchor 'nf-core-viralrecon-summary' not found for module 'VARIANTS: Total variants (iVar)'.
[2023-10-18 18:07:11,807] multiqc                                            [DEBUG  ]  Reordering sections: anchor 'fail_mapped_reads' not found for module 'VARIANTS: BCFTools'.
[2023-10-18 18:07:11,807] multiqc                                            [DEBUG  ]  Reordering sections: anchor 'fail_mapped_samples' not found for module 'VARIANTS: BCFTools'.
[2023-10-18 18:07:11,807] multiqc                                            [DEBUG  ]  Reordering sections: anchor 'summary_assembly_metrics' not found for module 'VARIANTS: BCFTools'.
[2023-10-18 18:07:11,807] multiqc                                            [DEBUG  ]  Reordering sections: anchor 'amplicon_heatmap' not found for module 'VARIANTS: BCFTools'.
[2023-10-18 18:07:11,807] multiqc                                            [DEBUG  ]  Reordering sections: anchor 'ivar_variants' not found for module 'VARIANTS: BCFTools'.
[2023-10-18 18:07:11,807] multiqc                                            [DEBUG  ]  Reordering sections: anchor 'software_versions' not found for module 'VARIANTS: BCFTools'.
[2023-10-18 18:07:11,807] multiqc                                            [DEBUG  ]  Reordering sections: anchor 'nf-core-viralrecon-summary' not found for module 'VARIANTS: BCFTools'.
[2023-10-18 18:07:11,807] multiqc                                            [DEBUG  ]  Reordering sections: anchor 'fail_mapped_reads' not found for module 'VARIANTS: SnpEff'.
[2023-10-18 18:07:11,807] multiqc                                            [DEBUG  ]  Reordering sections: anchor 'fail_mapped_samples' not found for module 'VARIANTS: SnpEff'.
[2023-10-18 18:07:11,807] multiqc                                            [DEBUG  ]  Reordering sections: anchor 'summary_assembly_metrics' not found for module 'VARIANTS: SnpEff'.
[2023-10-18 18:07:11,807] multiqc                                            [DEBUG  ]  Reordering sections: anchor 'amplicon_heatmap' not found for module 'VARIANTS: SnpEff'.
[2023-10-18 18:07:11,807] multiqc                                            [DEBUG  ]  Reordering sections: anchor 'ivar_variants' not found for module 'VARIANTS: SnpEff'.
[2023-10-18 18:07:11,807] multiqc                                            [DEBUG  ]  Reordering sections: anchor 'software_versions' not found for module 'VARIANTS: SnpEff'.
[2023-10-18 18:07:11,807] multiqc                                            [DEBUG  ]  Reordering sections: anchor 'nf-core-viralrecon-summary' not found for module 'VARIANTS: SnpEff'.
[2023-10-18 18:07:11,807] multiqc                                            [DEBUG  ]  Reordering sections: anchor 'fail_mapped_reads' not found for module 'nf-core/viralrecon Software Versions'.
[2023-10-18 18:07:11,807] multiqc                                            [DEBUG  ]  Reordering sections: anchor 'fail_mapped_samples' not found for module 'nf-core/viralrecon Software Versions'.
[2023-10-18 18:07:11,807] multiqc                                            [DEBUG  ]  Reordering sections: anchor 'summary_assembly_metrics' not found for module 'nf-core/viralrecon Software Versions'.
[2023-10-18 18:07:11,807] multiqc                                            [DEBUG  ]  Reordering sections: anchor 'amplicon_heatmap' not found for module 'nf-core/viralrecon Software Versions'.
[2023-10-18 18:07:11,807] multiqc                                            [DEBUG  ]  Reordering sections: anchor 'ivar_variants' not found for module 'nf-core/viralrecon Software Versions'.
[2023-10-18 18:07:11,808] multiqc                                            [DEBUG  ]  Reordering sections: anchor 'software_versions' not found for module 'nf-core/viralrecon Software Versions'.
[2023-10-18 18:07:11,808] multiqc                                            [DEBUG  ]  Reordering sections: anchor 'nf-core-viralrecon-summary' not found for module 'nf-core/viralrecon Software Versions'.
[2023-10-18 18:07:11,808] multiqc                                            [DEBUG  ]  Reordering sections: anchor 'fail_mapped_reads' not found for module 'nf-core/viralrecon Workflow Summary'.
[2023-10-18 18:07:11,808] multiqc                                            [DEBUG  ]  Reordering sections: anchor 'fail_mapped_samples' not found for module 'nf-core/viralrecon Workflow Summary'.
[2023-10-18 18:07:11,808] multiqc                                            [DEBUG  ]  Reordering sections: anchor 'summary_assembly_metrics' not found for module 'nf-core/viralrecon Workflow Summary'.
[2023-10-18 18:07:11,808] multiqc                                            [DEBUG  ]  Reordering sections: anchor 'amplicon_heatmap' not found for module 'nf-core/viralrecon Workflow Summary'.
[2023-10-18 18:07:11,808] multiqc                                            [DEBUG  ]  Reordering sections: anchor 'ivar_variants' not found for module 'nf-core/viralrecon Workflow Summary'.
[2023-10-18 18:07:11,808] multiqc                                            [DEBUG  ]  Reordering sections: anchor 'software_versions' not found for module 'nf-core/viralrecon Workflow Summary'.
[2023-10-18 18:07:11,808] multiqc                                            [DEBUG  ]  Reordering sections: anchor 'nf-core-viralrecon-summary' not found for module 'nf-core/viralrecon Workflow Summary'.
[2023-10-18 18:07:11,813] multiqc                                            [INFO   ]  Compressing plot data
[2023-10-18 18:07:12,215] multiqc                                            [WARNING]  Deleting    : multiqc_report.html   (-f was specified)
[2023-10-18 18:07:12,216] multiqc                                            [WARNING]  Deleting    : multiqc_data   (-f was specified)
[2023-10-18 18:07:12,222] multiqc                                            [INFO   ]  Report      : multiqc_report.html
[2023-10-18 18:07:12,222] multiqc                                            [INFO   ]  Data        : multiqc_data
[2023-10-18 18:07:12,222] multiqc                                            [DEBUG  ]  Moving data file from '/var/tmp/pbs.3392661.pbs101/tmpysilhqh9/multiqc_data' to '/scratch/users/ntu/suffiazi/mooc_workspace/work/46/396daea923463431f41e0999c6c23a/multiqc_data'
[2023-10-18 18:07:12,305] multiqc                                            [INFO   ]  MultiQC complete
